aigenerate
binpres
binpresV8
binvals
binvalsV8
determineRes
gdalCollection
gdalExample
genPtsV8
gridgenCellClip
gridgenDiamond
gridgenGeoJSON
gridgenMixedSHP
gridgenPureKML
hiRes
holes
icosahedron
isea4d
isea4t
isea7hGen
mixedAperture
multipleOrientations
planetRiskClipHiRes
planetRiskClipMulti
planetRiskGridGen
planetRiskGridNoWrap
planetRiskTable
seqnums
superfundGrid
table
transform
transformV8
z3CellClip
z3Collection
z3Nums
z3Transform
z3WholeEarth
z7CellClip
z7Collection
z7Nums
z7Transform
z7WholeEarth
zCellClip
zCollection
zNums
zTransform
